2023-04-20T09:54:28+00:00 CRITICAL Allowed memory size of 134217728 bytes exhausted (tried to allocate 32768 bytes) i /Applications/MAMP/htdocs/e-handel-sport/wp-content/plugins/woocommerce/includes/rest-api/Controllers/Version3/class-wc-rest-products-controller.php på rad 812

2023-04-20T09:58:01+00:00 CRITICAL Allowed memory size of 134217728 bytes exhausted (tried to allocate 65536 bytes) i /Applications/MAMP/htdocs/e-handel-sport/wp-content/plugins/wpforms-lite/includes/fields/class-number-slider.php på rad 431

2023-04-20T09:58:05+00:00 CRITICAL Allowed memory size of 134217728 bytes exhausted (tried to allocate 32768 bytes) i /Applications/MAMP/htdocs/e-handel-sport/wp-content/plugins/woocommerce/packages/woocommerce-blocks/src/BlockTypes/AbstractProductGrid.php på rad 410

2023-04-20T09:59:04+00:00 CRITICAL Allowed memory size of 134217728 bytes exhausted (tried to allocate 32768 bytes) i /Applications/MAMP/htdocs/e-handel-sport/wp-content/plugins/wpforms-lite/includes/fields/class-internal-information.php på rad 445

2023-04-20T10:00:09+00:00 CRITICAL Allowed memory size of 134217728 bytes exhausted (tried to allocate 32768 bytes) i /Applications/MAMP/htdocs/e-handel-sport/wp-content/plugins/wpforms-lite/includes/fields/class-internal-information.php på rad 445

2023-04-20T10:03:08+00:00 CRITICAL Allowed memory size of 134217728 bytes exhausted (tried to allocate 32768 bytes) i /Applications/MAMP/htdocs/e-handel-sport/wp-content/plugins/woocommerce/packages/woocommerce-blocks/src/BlockTypes/MiniCart.php på rad 391

2023-04-20T10:03:08+00:00 CRITICAL Allowed memory size of 134217728 bytes exhausted (tried to allocate 32768 bytes) i /Applications/MAMP/htdocs/e-handel-sport/wp-content/plugins/woocommerce/includes/rest-api/Controllers/Version3/class-wc-rest-product-variations-controller.php på rad 606

2023-04-20T10:03:08+00:00 CRITICAL Allowed memory size of 134217728 bytes exhausted (tried to allocate 32768 bytes) i /Applications/MAMP/htdocs/e-handel-sport/wp-content/plugins/woocommerce/includes/rest-api/Controllers/Version3/class-wc-rest-product-variations-controller.php på rad 606

2023-04-20T10:06:08+00:00 CRITICAL Allowed memory size of 134217728 bytes exhausted (tried to allocate 32768 bytes) i /Applications/MAMP/htdocs/e-handel-sport/wp-content/plugins/woocommerce/includes/rest-api/Controllers/Version3/class-wc-rest-product-variations-controller.php på rad 267

2023-04-20T10:09:18+00:00 CRITICAL Allowed memory size of 134217728 bytes exhausted (tried to allocate 36864 bytes) i /Applications/MAMP/htdocs/e-handel-sport/wp-content/plugins/woocommerce/includes/rest-api/Controllers/Version3/class-wc-rest-products-controller.php på rad 801

2023-04-20T10:13:03+00:00 CRITICAL Allowed memory size of 134217728 bytes exhausted (tried to allocate 954368 bytes) i /Applications/MAMP/htdocs/e-handel-sport/wp-includes/class-wpdb.php på rad 2431

2023-04-20T10:13:25+00:00 CRITICAL Allowed memory size of 134217728 bytes exhausted (tried to allocate 32768 bytes) i /Applications/MAMP/htdocs/e-handel-sport/wp-content/plugins/woocommerce/packages/woocommerce-blocks/src/BlockTypes/ProductTag.php på rad 1

2023-04-20T10:15:27+00:00 CRITICAL Allowed memory size of 134217728 bytes exhausted (tried to allocate 32768 bytes) i /Applications/MAMP/htdocs/e-handel-sport/wp-content/plugins/woocommerce/packages/woocommerce-blocks/src/BlockTypes/ProductTag.php på rad 1

2023-04-20T10:19:53+00:00 CRITICAL Allowed memory size of 134217728 bytes exhausted (tried to allocate 131072 bytes) i /Applications/MAMP/htdocs/e-handel-sport/wp-content/plugins/jetpack/jetpack_vendor/automattic/jetpack-compat/lib/locales.php på rad 641

2023-04-20T10:22:03+00:00 CRITICAL Allowed memory size of 134217728 bytes exhausted (tried to allocate 32768 bytes) i /Applications/MAMP/htdocs/e-handel-sport/wp-content/plugins/woocommerce/packages/woocommerce-blocks/src/BlockTypes/ProductQuery.php på rad 423

2023-04-20T10:23:06+00:00 CRITICAL Allowed memory size of 134217728 bytes exhausted (tried to allocate 32768 bytes) i /Applications/MAMP/htdocs/e-handel-sport/wp-content/plugins/wpforms-lite/includes/fields/class-internal-information.php på rad 445

2023-04-20T10:23:49+00:00 CRITICAL Allowed memory size of 134217728 bytes exhausted (tried to allocate 32768 bytes) i /Applications/MAMP/htdocs/e-handel-sport/wp-content/plugins/woocommerce/packages/woocommerce-blocks/src/BlockTypes/ProductTopRated.php på rad 1

2023-04-20T10:26:53+00:00 CRITICAL Allowed memory size of 134217728 bytes exhausted (tried to allocate 32768 bytes) i /Applications/MAMP/htdocs/e-handel-sport/wp-content/plugins/woocommerce/packages/woocommerce-blocks/src/BlockTypes/ProductTagList.php på rad 1

2023-04-20T10:32:14+00:00 CRITICAL Allowed memory size of 134217728 bytes exhausted (tried to allocate 32768 bytes) i /Applications/MAMP/htdocs/e-handel-sport/wp-content/plugins/woocommerce/includes/rest-api/Controllers/Version3/class-wc-rest-products-controller.php på rad 812

2023-04-20T10:34:10+00:00 CRITICAL Allowed memory size of 134217728 bytes exhausted (tried to allocate 65536 bytes) i /Applications/MAMP/htdocs/e-handel-sport/wp-content/plugins/wpforms-lite/includes/fields/class-number-slider.php på rad 431

2023-04-20T10:36:47+00:00 CRITICAL Allowed memory size of 134217728 bytes exhausted (tried to allocate 65536 bytes) i /Applications/MAMP/htdocs/e-handel-sport/wp-content/plugins/wpforms-lite/includes/fields/class-internal-information.php på rad 463

2023-04-20T10:37:32+00:00 CRITICAL Allowed memory size of 134217728 bytes exhausted (tried to allocate 65536 bytes) i /Applications/MAMP/htdocs/e-handel-sport/wp-content/plugins/wpforms-lite/includes/fields/class-number-slider.php på rad 431

2023-04-20T10:37:59+00:00 CRITICAL Allowed memory size of 134217728 bytes exhausted (tried to allocate 36864 bytes) i /Applications/MAMP/htdocs/e-handel-sport/wp-content/plugins/woocommerce/includes/rest-api/Controllers/Version3/class-wc-rest-products-controller.php på rad 801

2023-04-20T10:41:58+00:00 CRITICAL Allowed memory size of 134217728 bytes exhausted (tried to allocate 32768 bytes) i /Applications/MAMP/htdocs/e-handel-sport/wp-content/plugins/woocommerce/includes/admin/class-wc-admin-post-types.php på rad 472

2023-04-20T11:03:44+00:00 CRITICAL Allowed memory size of 134217728 bytes exhausted (tried to allocate 32768 bytes) i /Applications/MAMP/htdocs/e-handel-sport/wp-content/plugins/woocommerce/includes/rest-api/Controllers/Version2/class-wc-rest-orders-v2-controller.php på rad 507

2023-04-20T11:03:44+00:00 CRITICAL Allowed memory size of 134217728 bytes exhausted (tried to allocate 32768 bytes) i /Applications/MAMP/htdocs/e-handel-sport/wp-content/plugins/wpforms-lite/includes/fields/class-number-slider.php på rad 290

2023-04-20T11:57:48+00:00 CRITICAL Allowed memory size of 134217728 bytes exhausted (tried to allocate 32768 bytes) i /Applications/MAMP/htdocs/e-handel-sport/wp-content/plugins/wpforms-lite/includes/fields/class-number-slider.php på rad 290

2023-04-20T11:57:55+00:00 CRITICAL Allowed memory size of 134217728 bytes exhausted (tried to allocate 32768 bytes) i /Applications/MAMP/htdocs/e-handel-sport/wp-content/plugins/woocommerce/includes/rest-api/Controllers/Version3/class-wc-rest-products-controller.php på rad 913

2023-04-20T12:00:03+00:00 CRITICAL Allowed memory size of 134217728 bytes exhausted (tried to allocate 32768 bytes) i /Applications/MAMP/htdocs/e-handel-sport/wp-content/plugins/wpforms-lite/includes/fields/class-number-slider.php på rad 290

2023-04-20T12:08:39+00:00 CRITICAL Allowed memory size of 134217728 bytes exhausted (tried to allocate 20480 bytes) i /Applications/MAMP/htdocs/e-handel-sport/wp-content/plugins/woocommerce/packages/woocommerce-blocks/src/BlockTypes/ProductSearch.php på rad 97

2023-04-20T12:09:42+00:00 CRITICAL Allowed memory size of 134217728 bytes exhausted (tried to allocate 32768 bytes) i /Applications/MAMP/htdocs/e-handel-sport/wp-content/plugins/woocommerce/includes/rest-api/Controllers/Version3/class-wc-rest-product-variations-controller.php på rad 851

2023-04-20T12:09:42+00:00 CRITICAL Allowed memory size of 134217728 bytes exhausted (tried to allocate 32768 bytes) i /Applications/MAMP/htdocs/e-handel-sport/wp-content/plugins/woocommerce/includes/rest-api/Controllers/Version3/class-wc-rest-product-variations-controller.php på rad 267

2023-04-20T12:11:36+00:00 CRITICAL Allowed memory size of 134217728 bytes exhausted (tried to allocate 20480 bytes) i /Applications/MAMP/htdocs/e-handel-sport/wp-content/plugins/woocommerce/packages/woocommerce-blocks/src/BlockTypes/ProductStockIndicator.php på rad 35

2023-04-20T12:12:19+00:00 CRITICAL Allowed memory size of 134217728 bytes exhausted (tried to allocate 20480 bytes) i /Applications/MAMP/htdocs/e-handel-sport/wp-content/plugins/woocommerce/packages/woocommerce-blocks/src/BlockTypes/ProductTitle.php på rad 33

2023-04-20T12:12:29+00:00 CRITICAL Allowed memory size of 134217728 bytes exhausted (tried to allocate 32768 bytes) i /Applications/MAMP/htdocs/e-handel-sport/wp-content/plugins/woocommerce/includes/rest-api/Controllers/Version3/class-wc-rest-products-controller.php på rad 1490

2023-04-20T12:12:30+00:00 CRITICAL Allowed memory size of 134217728 bytes exhausted (tried to allocate 32768 bytes) i /Applications/MAMP/htdocs/e-handel-sport/wp-content/plugins/wpforms-lite/includes/fields/class-number-slider.php på rad 290

2023-04-20T12:12:30+00:00 CRITICAL Allowed memory size of 134217728 bytes exhausted (tried to allocate 32768 bytes) i /Applications/MAMP/htdocs/e-handel-sport/wp-content/plugins/woocommerce/includes/rest-api/Controllers/Version3/class-wc-rest-products-controller.php på rad 1490

2023-04-20T12:12:30+00:00 CRITICAL Allowed memory size of 134217728 bytes exhausted (tried to allocate 36864 bytes) i /Applications/MAMP/htdocs/e-handel-sport/wp-content/plugins/woocommerce/includes/rest-api/Controllers/Version3/class-wc-rest-products-controller.php på rad 801

2023-04-20T12:12:31+00:00 CRITICAL Allowed memory size of 134217728 bytes exhausted (tried to allocate 32768 bytes) i /Applications/MAMP/htdocs/e-handel-sport/wp-content/plugins/woocommerce/packages/woocommerce-blocks/src/BlockTypes/ProductTagList.php på rad 1

2023-04-20T12:12:38+00:00 CRITICAL Allowed memory size of 134217728 bytes exhausted (tried to allocate 32768 bytes) i /Applications/MAMP/htdocs/e-handel-sport/wp-content/plugins/woocommerce/includes/rest-api/Controllers/Version3/class-wc-rest-product-variations-controller.php på rad 267

2023-04-20T12:12:38+00:00 CRITICAL Allowed memory size of 134217728 bytes exhausted (tried to allocate 32768 bytes) i /Applications/MAMP/htdocs/e-handel-sport/wp-content/plugins/woocommerce/includes/rest-api/Controllers/Version3/class-wc-rest-product-variations-controller.php på rad 267

2023-04-20T12:15:09+00:00 CRITICAL Allowed memory size of 134217728 bytes exhausted (tried to allocate 32768 bytes) i /Applications/MAMP/htdocs/e-handel-sport/wp-content/plugins/woocommerce/includes/rest-api/Controllers/Version3/class-wc-rest-product-variations-controller.php på rad 267

2023-04-20T12:15:11+00:00 CRITICAL Allowed memory size of 134217728 bytes exhausted (tried to allocate 32768 bytes) i /Applications/MAMP/htdocs/e-handel-sport/wp-content/plugins/woocommerce/includes/rest-api/Controllers/Version3/class-wc-rest-product-variations-controller.php på rad 554

2023-04-20T12:20:17+00:00 CRITICAL Allowed memory size of 134217728 bytes exhausted (tried to allocate 954368 bytes) i /Applications/MAMP/htdocs/e-handel-sport/wp-includes/class-wpdb.php på rad 2397

2023-04-20T12:21:18+00:00 CRITICAL Allowed memory size of 134217728 bytes exhausted (tried to allocate 8192 bytes) i /Applications/MAMP/htdocs/e-handel-sport/wp-content/plugins/woocommerce/includes/admin/class-wc-admin-menus.php på rad 39

2023-04-20T12:21:19+00:00 CRITICAL Allowed memory size of 134217728 bytes exhausted (tried to allocate 20480 bytes) i /Applications/MAMP/htdocs/e-handel-sport/wp-content/plugins/woocommerce/packages/woocommerce-blocks/src/BlockTypes/ProductSearch.php på rad 159

2023-04-20T12:21:22+00:00 CRITICAL Allowed memory size of 134217728 bytes exhausted (tried to allocate 20480 bytes) i /Applications/MAMP/htdocs/e-handel-sport/wp-content/plugins/woocommerce/packages/woocommerce-blocks/src/BlockTypes/ProductSearch.php på rad 159

2023-04-20T12:26:19+00:00 CRITICAL Allowed memory size of 134217728 bytes exhausted (tried to allocate 131072 bytes) i /Applications/MAMP/htdocs/e-handel-sport/wp-content/plugins/jetpack/jetpack_vendor/automattic/jetpack-compat/lib/locales.php på rad 641

2023-04-20T12:26:49+00:00 CRITICAL Allowed memory size of 134217728 bytes exhausted (tried to allocate 32768 bytes) i /Applications/MAMP/htdocs/e-handel-sport/wp-content/plugins/woocommerce/packages/woocommerce-blocks/src/BlockTypes/CartLineItemsBlock.php på rad 1

2023-04-20T12:27:47+00:00 CRITICAL Allowed memory size of 134217728 bytes exhausted (tried to allocate 32768 bytes) i /Applications/MAMP/htdocs/e-handel-sport/wp-content/plugins/jetpack/jetpack_vendor/automattic/jetpack-compat/lib/locales.php på rad 1849

2023-04-20T12:27:47+00:00 CRITICAL Allowed memory size of 134217728 bytes exhausted (tried to allocate 32768 bytes) i /Applications/MAMP/htdocs/e-handel-sport/wp-content/plugins/jetpack/jetpack_vendor/automattic/jetpack-compat/lib/locales.php på rad 1849

2023-04-20T12:27:47+00:00 CRITICAL Allowed memory size of 134217728 bytes exhausted (tried to allocate 32768 bytes) i /Applications/MAMP/htdocs/e-handel-sport/wp-content/plugins/jetpack/jetpack_vendor/automattic/jetpack-compat/lib/locales.php på rad 1849

2023-04-20T12:31:08+00:00 CRITICAL Allowed memory size of 134217728 bytes exhausted (tried to allocate 761856 bytes) in /Applications/MAMP/htdocs/e-handel-sport/wp-includes/pomo/streams.php on line 229

2023-04-20T12:31:12+00:00 CRITICAL Allowed memory size of 134217728 bytes exhausted (tried to allocate 761856 bytes) in /Applications/MAMP/htdocs/e-handel-sport/wp-includes/pomo/streams.php on line 229

2023-04-20T12:31:18+00:00 CRITICAL Allowed memory size of 134217728 bytes exhausted (tried to allocate 131072 bytes) i /Applications/MAMP/htdocs/e-handel-sport/wp-content/plugins/jetpack/jetpack_vendor/automattic/jetpack-compat/lib/locales.php på rad 641

2023-04-20T12:31:23+00:00 CRITICAL Allowed memory size of 134217728 bytes exhausted (tried to allocate 32768 bytes) i /Applications/MAMP/htdocs/e-handel-sport/wp-content/plugins/jetpack/jetpack_vendor/automattic/jetpack-compat/lib/locales.php på rad 1849

2023-04-20T12:31:39+00:00 CRITICAL Allowed memory size of 134217728 bytes exhausted (tried to allocate 20480 bytes) i /Applications/MAMP/htdocs/e-handel-sport/wp-content/plugins/woocommerce/packages/woocommerce-blocks/src/BlockTypes/CartExpressPaymentBlock.php på rad 14

2023-04-20T12:31:39+00:00 CRITICAL Allowed memory size of 134217728 bytes exhausted (tried to allocate 20480 bytes) i /Applications/MAMP/htdocs/e-handel-sport/wp-content/plugins/woocommerce/packages/woocommerce-blocks/src/BlockTypes/CartExpressPaymentBlock.php på rad 14

2023-04-20T12:32:21+00:00 CRITICAL Allowed memory size of 134217728 bytes exhausted (tried to allocate 131072 bytes) i /Applications/MAMP/htdocs/e-handel-sport/wp-content/plugins/jetpack/jetpack_vendor/automattic/jetpack-compat/lib/locales.php på rad 641

2023-04-20T12:44:54+00:00 CRITICAL Allowed memory size of 134217728 bytes exhausted (tried to allocate 32768 bytes) i /Applications/MAMP/htdocs/e-handel-sport/wp-content/plugins/jetpack/jetpack_vendor/automattic/jetpack-compat/lib/locales.php på rad 1849

2023-04-20T12:50:18+00:00 CRITICAL Allowed memory size of 134217728 bytes exhausted (tried to allocate 131072 bytes) i /Applications/MAMP/htdocs/e-handel-sport/wp-content/plugins/jetpack/jetpack_vendor/automattic/jetpack-compat/lib/locales.php på rad 641

