2023-04-20T09:52:32+00:00 DEBUG tt4b_product_sync: missing access token for tt4b_product_sync
2023-04-20T09:52:32+00:00 DEBUG tt4b_product_sync: missing access token for tt4b_product_sync
2023-04-20T09:52:32+00:00 DEBUG tt4b_product_sync: missing access token for tt4b_product_sync
2023-04-20T09:52:32+00:00 DEBUG tt4b_product_sync: missing access token for tt4b_product_sync
2023-04-20T09:52:32+00:00 DEBUG tt4b_product_sync: missing access token for tt4b_product_sync
2023-04-20T09:52:33+00:00 DEBUG tt4b_product_sync: missing access token for tt4b_product_sync
2023-04-20T09:52:33+00:00 DEBUG tt4b_product_sync: missing access token for tt4b_product_sync
2023-04-20T09:52:33+00:00 DEBUG tt4b_product_sync: missing access token for tt4b_product_sync
2023-04-20T09:52:33+00:00 DEBUG tt4b_product_sync: missing access token for tt4b_product_sync
2023-04-20T09:55:30+00:00 DEBUG tt4b_product_sync: missing access token for tt4b_product_sync
2023-04-20T09:55:30+00:00 DEBUG tt4b_product_delete: missing access token for tt4b_product_sync
2023-04-20T09:55:30+00:00 DEBUG tt4b_product_sync: missing access token for tt4b_product_sync
2023-04-20T09:55:30+00:00 DEBUG tt4b_product_delete: missing access token for tt4b_product_sync
2023-04-20T09:55:30+00:00 DEBUG tt4b_product_sync: missing access token for tt4b_product_sync
2023-04-20T09:55:30+00:00 DEBUG tt4b_product_delete: missing access token for tt4b_product_sync
2023-04-20T09:55:30+00:00 DEBUG tt4b_product_sync: missing access token for tt4b_product_sync
2023-04-20T09:55:30+00:00 DEBUG tt4b_product_delete: missing access token for tt4b_product_sync
2023-04-20T09:55:30+00:00 DEBUG tt4b_product_sync: missing access token for tt4b_product_sync
2023-04-20T09:55:30+00:00 DEBUG tt4b_product_delete: missing access token for tt4b_product_sync
2023-04-20T09:55:30+00:00 DEBUG tt4b_product_sync: missing access token for tt4b_product_sync
2023-04-20T09:55:30+00:00 DEBUG tt4b_product_delete: missing access token for tt4b_product_sync
2023-04-20T09:55:30+00:00 DEBUG tt4b_product_sync: missing access token for tt4b_product_sync
2023-04-20T09:55:30+00:00 DEBUG tt4b_product_delete: missing access token for tt4b_product_sync
2023-04-20T09:55:30+00:00 DEBUG tt4b_product_sync: missing access token for tt4b_product_sync
2023-04-20T09:55:30+00:00 DEBUG tt4b_product_delete: missing access token for tt4b_product_sync
2023-04-20T09:55:30+00:00 DEBUG tt4b_product_sync: missing access token for tt4b_product_sync
2023-04-20T09:55:30+00:00 DEBUG tt4b_product_delete: missing access token for tt4b_product_sync
2023-04-20T09:56:01+00:00 DEBUG tt4b_product_sync: missing access token for tt4b_product_sync
2023-04-20T09:56:21+00:00 DEBUG tt4b_product_sync: missing access token for tt4b_product_sync
2023-04-20T09:59:43+00:00 DEBUG tt4b_product_sync: missing access token for tt4b_product_sync
2023-04-20T09:59:51+00:00 DEBUG tt4b_product_sync: missing access token for tt4b_product_sync
2023-04-20T10:01:51+00:00 DEBUG tt4b_product_sync: missing access token for tt4b_product_sync
2023-04-20T10:02:19+00:00 DEBUG tt4b_product_sync: missing access token for tt4b_product_sync
2023-04-20T10:05:32+00:00 DEBUG tt4b_product_sync: missing access token for tt4b_product_sync
2023-04-20T10:05:43+00:00 DEBUG Tt4b_Pixel_Class::inject_view_content_event: hit injectViewContentEvent
2023-04-20T10:05:43+00:00 DEBUG Tt4b_Pixel_Class::inject_view_content_event: Missing option "access_token"
2023-04-20T10:11:59+00:00 DEBUG tt4b_product_sync: missing access token for tt4b_product_sync
2023-04-20T10:12:36+00:00 DEBUG Tt4b_Pixel_Class::inject_view_content_event: hit injectViewContentEvent
2023-04-20T10:12:36+00:00 DEBUG Tt4b_Pixel_Class::inject_view_content_event: Missing option "access_token"
2023-04-20T10:13:02+00:00 DEBUG Tt4b_Pixel_Class::inject_add_to_cart_event: hit injectAddToCartEvent
2023-04-20T10:13:02+00:00 DEBUG Tt4b_Pixel_Class::inject_add_to_cart_event: Missing option "access_token"
2023-04-20T10:13:09+00:00 DEBUG Tt4b_Pixel_Class::inject_add_to_cart_event: hit injectAddToCartEvent
2023-04-20T10:13:09+00:00 DEBUG Tt4b_Pixel_Class::inject_add_to_cart_event: Missing option "access_token"
2023-04-20T10:13:09+00:00 DEBUG Tt4b_Pixel_Class::inject_view_content_event: hit injectViewContentEvent
2023-04-20T10:13:09+00:00 DEBUG Tt4b_Pixel_Class::inject_view_content_event: Missing option "access_token"
2023-04-20T10:13:15+00:00 DEBUG Tt4b_Pixel_Class::inject_view_content_event: hit injectViewContentEvent
2023-04-20T10:13:15+00:00 DEBUG Tt4b_Pixel_Class::inject_view_content_event: Missing option "access_token"
2023-04-20T10:14:50+00:00 DEBUG tt4b_product_sync: missing access token for tt4b_product_sync
2023-04-20T10:14:57+00:00 DEBUG tt4b_product_sync: missing access token for tt4b_product_sync
2023-04-20T10:15:07+00:00 DEBUG Tt4b_Pixel_Class::inject_view_content_event: hit injectViewContentEvent
2023-04-20T10:15:07+00:00 DEBUG Tt4b_Pixel_Class::inject_view_content_event: Missing option "access_token"
2023-04-20T10:15:44+00:00 DEBUG tt4b_product_sync: missing access token for tt4b_product_sync
2023-04-20T10:15:53+00:00 DEBUG tt4b_product_sync: missing access token for tt4b_product_sync
2023-04-20T10:17:55+00:00 DEBUG tt4b_product_sync: missing access token for tt4b_product_sync
2023-04-20T10:21:18+00:00 DEBUG tt4b_product_sync: missing access token for tt4b_product_sync
2023-04-20T10:22:09+00:00 DEBUG tt4b_product_sync: missing access token for tt4b_product_sync
2023-04-20T10:22:21+00:00 DEBUG Tt4b_Pixel_Class::inject_view_content_event: hit injectViewContentEvent
2023-04-20T10:22:21+00:00 DEBUG Tt4b_Pixel_Class::inject_view_content_event: Missing option "access_token"
2023-04-20T10:27:02+00:00 DEBUG tt4b_product_sync: missing access token for tt4b_product_sync
2023-04-20T10:27:12+00:00 DEBUG Tt4b_Pixel_Class::inject_view_content_event: hit injectViewContentEvent
2023-04-20T10:27:12+00:00 DEBUG Tt4b_Pixel_Class::inject_view_content_event: Missing option "access_token"
2023-04-20T10:32:11+00:00 DEBUG tt4b_product_sync: missing access token for tt4b_product_sync
2023-04-20T10:32:29+00:00 DEBUG tt4b_product_sync: missing access token for tt4b_product_sync
2023-04-20T10:34:30+00:00 DEBUG tt4b_product_sync: missing access token for tt4b_product_sync
2023-04-20T10:34:53+00:00 DEBUG tt4b_product_sync: missing access token for tt4b_product_sync
2023-04-20T10:35:40+00:00 DEBUG Tt4b_Pixel_Class::inject_view_content_event: hit injectViewContentEvent
2023-04-20T10:35:40+00:00 DEBUG Tt4b_Pixel_Class::inject_view_content_event: Missing option "access_token"
2023-04-20T10:36:11+00:00 DEBUG Tt4b_Pixel_Class::inject_view_content_event: hit injectViewContentEvent
2023-04-20T10:36:11+00:00 DEBUG Tt4b_Pixel_Class::inject_view_content_event: Missing option "access_token"
2023-04-20T10:36:34+00:00 DEBUG tt4b_product_sync: missing access token for tt4b_product_sync
2023-04-20T10:37:47+00:00 DEBUG tt4b_product_sync: missing access token for tt4b_product_sync
2023-04-20T10:37:55+00:00 DEBUG tt4b_product_sync: missing access token for tt4b_product_sync
2023-04-20T10:38:59+00:00 DEBUG tt4b_product_sync: missing access token for tt4b_product_sync
2023-04-20T10:39:26+00:00 DEBUG tt4b_product_sync: missing access token for tt4b_product_sync
2023-04-20T10:39:43+00:00 DEBUG Tt4b_Pixel_Class::inject_view_content_event: hit injectViewContentEvent
2023-04-20T10:39:43+00:00 DEBUG Tt4b_Pixel_Class::inject_view_content_event: Missing option "access_token"
2023-04-20T10:40:06+00:00 DEBUG Tt4b_Pixel_Class::inject_add_to_cart_event: hit injectAddToCartEvent
2023-04-20T10:40:06+00:00 DEBUG Tt4b_Pixel_Class::inject_add_to_cart_event: Missing option "access_token"
2023-04-20T10:40:07+00:00 DEBUG Tt4b_Pixel_Class::inject_view_content_event: hit injectViewContentEvent
2023-04-20T10:40:07+00:00 DEBUG Tt4b_Pixel_Class::inject_view_content_event: Missing option "access_token"
2023-04-20T11:01:37+00:00 DEBUG tt4b_product_sync: missing access token for tt4b_product_sync
2023-04-20T11:02:24+00:00 DEBUG tt4b_product_sync: missing access token for tt4b_product_sync
2023-04-20T11:03:39+00:00 DEBUG tt4b_product_sync: missing access token for tt4b_product_sync
2023-04-20T11:53:39+00:00 DEBUG Tt4b_Pixel_Class::inject_add_to_cart_event: hit injectAddToCartEvent
2023-04-20T11:53:39+00:00 DEBUG Tt4b_Pixel_Class::inject_add_to_cart_event: Missing option "access_token"
2023-04-20T11:53:41+00:00 DEBUG Tt4b_Pixel_Class::inject_view_content_event: hit injectViewContentEvent
2023-04-20T11:53:41+00:00 DEBUG Tt4b_Pixel_Class::inject_view_content_event: Missing option "access_token"
2023-04-20T12:00:40+00:00 DEBUG tt4b_product_sync: missing access token for tt4b_product_sync
2023-04-20T12:01:04+00:00 DEBUG Tt4b_Pixel_Class::inject_view_content_event: hit injectViewContentEvent
2023-04-20T12:01:04+00:00 DEBUG Tt4b_Pixel_Class::inject_view_content_event: Missing option "access_token"
2023-04-20T12:01:11+00:00 DEBUG Tt4b_Pixel_Class::inject_add_to_cart_event: hit injectAddToCartEvent
2023-04-20T12:01:11+00:00 DEBUG Tt4b_Pixel_Class::inject_add_to_cart_event: Missing option "access_token"
2023-04-20T12:01:11+00:00 DEBUG Tt4b_Pixel_Class::inject_view_content_event: hit injectViewContentEvent
2023-04-20T12:01:11+00:00 DEBUG Tt4b_Pixel_Class::inject_view_content_event: Missing option "access_token"
2023-04-20T12:01:41+00:00 DEBUG Tt4b_Pixel_Class::inject_view_content_event: hit injectViewContentEvent
2023-04-20T12:01:41+00:00 DEBUG Tt4b_Pixel_Class::inject_view_content_event: Missing option "access_token"
2023-04-20T12:04:31+00:00 DEBUG Tt4b_Pixel_Class::inject_view_content_event: hit injectViewContentEvent
2023-04-20T12:04:31+00:00 DEBUG Tt4b_Pixel_Class::inject_view_content_event: Missing option "access_token"
2023-04-20T12:09:38+00:00 DEBUG tt4b_product_sync: missing access token for tt4b_product_sync
2023-04-20T12:10:01+00:00 DEBUG Tt4b_Pixel_Class::inject_view_content_event: hit injectViewContentEvent
2023-04-20T12:10:01+00:00 DEBUG Tt4b_Pixel_Class::inject_view_content_event: Missing option "access_token"
